<?xml version="1.0" encoding="UTF-8"?>
<!-- Generated by org.testng.reporters.JUnitXMLReporter -->
<testsuite ignored="0" hostname="DESKTOP-RQOJ2IQ" failures="1" tests="4" name="Test" time="1.059" errors="0" timestamp="2025-05-29T21:05:01 IST">
  <testcase classname="com.allure.sample.Testcase2" name="testMethod2" time="0.206"/>
  <testcase classname="com.allure.sample.Testcase3" name="testMethod3" time="0.02">
    <skipped/>
  </testcase> <!-- testMethod3 -->
  <testcase classname="com.allure.sample.Testcase3" name="testMethod4" time="0.015">
    <skipped/>
  </testcase> <!-- testMethod4 -->
  <testcase classname="com.allure.sample.Testcase1" name="testMethod1" time="0.03">
    <failure type="java.lang.AssertionError" message="expected [true] but found [false]">
      <![CDATA[java.lang.AssertionError: expected [true] but found [false]
at com.allure.sample.Testcase1.testMethod1(Testcase1.java:11)
at java.base/java.util.ArrayList.forEach(ArrayList.java:1597)
... Removed 29 stack frames]]>
    </failure>
  </testcase> <!-- testMethod1 -->
</testsuite> <!-- Test -->
